<?xml version="1.0" encoding="UTF-8"?>
<testsuite xmlns:xsi="http://www.w3.org/2001/XMLSchema-instance" xsi:noNamespaceSchemaLocation="https://maven.apache.org/surefire/maven-surefire-plugin/xsd/surefire-test-report.xsd" name="API.FeatureFiles.ReqIn.ReqInRunner" time="9.881" tests="1" errors="0" skipped="0" failures="0">
  <properties>
    <property name="sun.desktop" value="windows"/>
    <property name="awt.toolkit" value="sun.awt.windows.WToolkit"/>
    <property name="java.specification.version" value="11"/>
    <property name="sun.cpu.isalist" value="amd64"/>
    <property name="sun.jnu.encoding" value="Cp1252"/>
    <property name="java.class.path" value="C:\Users\Ken.Pena\Desktop\MRM_Files\Automation\KarateAPIAutomation\target\test-classes;C:\Users\Ken.Pena\Desktop\MRM_Files\Automation\KarateAPIAutomation\target\classes;C:\Users\Ken.Pena\.m2\repository\com\intuit\karate\karate-junit5\1.3.1\karate-junit5-1.3.1.jar;C:\Users\Ken.Pena\.m2\repository\com\intuit\karate\karate-core\1.3.1\karate-core-1.3.1.jar;C:\Users\Ken.Pena\.m2\repository\org\graalvm\js\js-scriptengine\22.0.0.2\js-scriptengine-22.0.0.2.jar;C:\Users\Ken.Pena\.m2\repository\org\graalvm\sdk\graal-sdk\22.0.0.2\graal-sdk-22.0.0.2.jar;C:\Users\Ken.Pena\.m2\repository\org\graalvm\js\js\22.0.0.2\js-22.0.0.2.jar;C:\Users\Ken.Pena\.m2\repository\org\graalvm\regex\regex\22.0.0.2\regex-22.0.0.2.jar;C:\Users\Ken.Pena\.m2\repository\org\graalvm\truffle\truffle-api\22.0.0.2\truffle-api-22.0.0.2.jar;C:\Users\Ken.Pena\.m2\repository\org\thymeleaf\thymeleaf\3.0.14.RELEASE\thymeleaf-3.0.14.RELEASE.jar;C:\Users\Ken.Pena\.m2\repository\ognl\ognl\3.1.26\ognl-3.1.26.jar;C:\Users\Ken.Pena\.m2\repository\org\javassist\javassist\3.20.0-GA\javassist-3.20.0-GA.jar;C:\Users\Ken.Pena\.m2\repository\org\attoparser\attoparser\2.0.5.RELEASE\attoparser-2.0.5.RELEASE.jar;C:\Users\Ken.Pena\.m2\repository\org\unbescape\unbescape\1.1.6.RELEASE\unbescape-1.1.6.RELEASE.jar;C:\Users\Ken.Pena\.m2\repository\com\linecorp\armeria\armeria\1.18.0\armeria-1.18.0.jar;C:\Users\Ken.Pena\.m2\repository\io\micrometer\micrometer-core\1.9.2\micrometer-core-1.9.2.jar;C:\Users\Ken.Pena\.m2\repository\org\hdrhistogram\HdrHistogram\2.1.12\HdrHistogram-2.1.12.jar;C:\Users\Ken.Pena\.m2\repository\org\latencyutils\LatencyUtils\2.0.3\LatencyUtils-2.0.3.jar;C:\Users\Ken.Pena\.m2\repository\io\netty\netty-transport\4.1.79.Final\netty-transport-4.1.79.Final.jar;C:\Users\Ken.Pena\.m2\repository\io\netty\netty-common\4.1.79.Final\netty-common-4.1.79.Final.jar;C:\Users\Ken.Pena\.m2\repository\io\netty\netty-buffer\4.1.79.Final\netty-buffer-4.1.79.Final.jar;C:\Users\Ken.Pena\.m2\repository\io\netty\netty-resolver\4.1.79.Final\netty-resolver-4.1.79.Final.jar;C:\Users\Ken.Pena\.m2\repository\io\netty\netty-codec-haproxy\4.1.79.Final\netty-codec-haproxy-4.1.79.Final.jar;C:\Users\Ken.Pena\.m2\repository\io\netty\netty-codec\4.1.79.Final\netty-codec-4.1.79.Final.jar;C:\Users\Ken.Pena\.m2\repository\io\netty\netty-codec-http2\4.1.79.Final\netty-codec-http2-4.1.79.Final.jar;C:\Users\Ken.Pena\.m2\repository\io\netty\netty-handler\4.1.79.Final\netty-handler-4.1.79.Final.jar;C:\Users\Ken.Pena\.m2\repository\io\netty\netty-codec-http\4.1.79.Final\netty-codec-http-4.1.79.Final.jar;C:\Users\Ken.Pena\.m2\repository\io\netty\netty-resolver-dns\4.1.79.Final\netty-resolver-dns-4.1.79.Final.jar;C:\Users\Ken.Pena\.m2\repository\io\netty\netty-codec-dns\4.1.79.Final\netty-codec-dns-4.1.79.Final.jar;C:\Users\Ken.Pena\.m2\repository\org\reactivestreams\reactive-streams\1.0.4\reactive-streams-1.0.4.jar;C:\Users\Ken.Pena\.m2\repository\io\netty\netty-transport-native-unix-common\4.1.79.Final\netty-transport-native-unix-common-4.1.79.Final-linux-x86_64.jar;C:\Users\Ken.Pena\.m2\repository\io\netty\netty-transport-native-epoll\4.1.79.Final\netty-transport-native-epoll-4.1.79.Final-linux-x86_64.jar;C:\Users\Ken.Pena\.m2\repository\io\netty\netty-transport-native-unix-common\4.1.79.Final\netty-transport-native-unix-common-4.1.79.Final.jar;C:\Users\Ken.Pena\.m2\repository\io\netty\netty-transport-classes-epoll\4.1.79.Final\netty-transport-classes-epoll-4.1.79.Final.jar;C:\Users\Ken.Pena\.m2\repository\io\netty\netty-resolver-dns-native-macos\4.1.79.Final\netty-resolver-dns-native-macos-4.1.79.Final-osx-x86_64.jar;C:\Users\Ken.Pena\.m2\repository\io\netty\netty-resolver-dns-classes-macos\4.1.79.Final\netty-resolver-dns-classes-macos-4.1.79.Final.jar;C:\Users\Ken.Pena\.m2\repository\io\netty\netty-resolver-dns-native-macos\4.1.79.Final\netty-resolver-dns-native-macos-4.1.79.Final-osx-aarch_64.jar;C:\Users\Ken.Pena\.m2\repository\io\netty\netty-tcnative-boringssl-static\2.0.53.Final\netty-tcnative-boringssl-static-2.0.53.Final-linux-x86_64.jar;C:\Users\Ken.Pena\.m2\repository\io\netty\netty-tcnative-classes\2.0.53.Final\netty-tcnative-classes-2.0.53.Final.jar;C:\Users\Ken.Pena\.m2\repository\io\netty\netty-tcnative-boringssl-static\2.0.53.Final\netty-tcnative-boringssl-static-2.0.53.Final-linux-aarch_64.jar;C:\Users\Ken.Pena\.m2\repository\io\netty\netty-tcnative-boringssl-static\2.0.53.Final\netty-tcnative-boringssl-static-2.0.53.Final-osx-x86_64.jar;C:\Users\Ken.Pena\.m2\repository\io\netty\netty-tcnative-boringssl-static\2.0.53.Final\netty-tcnative-boringssl-static-2.0.53.Final-osx-aarch_64.jar;C:\Users\Ken.Pena\.m2\repository\io\netty\netty-tcnative-boringssl-static\2.0.53.Final\netty-tcnative-boringssl-static-2.0.53.Final-windows-x86_64.jar;C:\Users\Ken.Pena\.m2\repository\io\netty\netty-handler-proxy\4.1.79.Final\netty-handler-proxy-4.1.79.Final.jar;C:\Users\Ken.Pena\.m2\repository\io\netty\netty-codec-socks\4.1.79.Final\netty-codec-socks-4.1.79.Final.jar;C:\Users\Ken.Pena\.m2\repository\com\aayushatharva\brotli4j\brotli4j\1.7.1\brotli4j-1.7.1.jar;C:\Users\Ken.Pena\.m2\repository\com\aayushatharva\brotli4j\native-windows-x86_64\1.7.1\native-windows-x86_64-1.7.1.jar;C:\Users\Ken.Pena\.m2\repository\org\apache\httpcomponents\httpclient\4.5.13\httpclient-4.5.13.jar;C:\Users\Ken.Pena\.m2\repository\org\apache\httpcomponents\httpcore\4.4.13\httpcore-4.4.13.jar;C:\Users\Ken.Pena\.m2\repository\commons-codec\commons-codec\1.11\commons-codec-1.11.jar;C:\Users\Ken.Pena\.m2\repository\ch\qos\logback\logback-classic\1.2.9\logback-classic-1.2.9.jar;C:\Users\Ken.Pena\.m2\repository\ch\qos\logback\logback-core\1.2.9\logback-core-1.2.9.jar;C:\Users\Ken.Pena\.m2\repository\org\slf4j\jcl-over-slf4j\1.7.32\jcl-over-slf4j-1.7.32.jar;C:\Users\Ken.Pena\.m2\repository\org\antlr\antlr4-runtime\4.9.3\antlr4-runtime-4.9.3.jar;C:\Users\Ken.Pena\.m2\repository\com\jayway\jsonpath\json-path\2.7.0\json-path-2.7.0.jar;C:\Users\Ken.Pena\.m2\repository\net\minidev\json-smart\2.4.7\json-smart-2.4.7.jar;C:\Users\Ken.Pena\.m2\repository\net\minidev\accessors-smart\2.4.7\accessors-smart-2.4.7.jar;C:\Users\Ken.Pena\.m2\repository\org\ow2\asm\asm\9.1\asm-9.1.jar;C:\Users\Ken.Pena\.m2\repository\info\cukes\cucumber-java\1.2.5\cucumber-java-1.2.5.jar;C:\Users\Ken.Pena\.m2\repository\info\cukes\cucumber-core\1.2.5\cucumber-core-1.2.5.jar;C:\Users\Ken.Pena\.m2\repository\org\yaml\snakeyaml\1.32\snakeyaml-1.32.jar;C:\Users\Ken.Pena\.m2\repository\de\siegmar\fastcsv\2.0.0\fastcsv-2.0.0.jar;C:\Users\Ken.Pena\.m2\repository\info\picocli\picocli\4.6.1\picocli-4.6.1.jar;C:\Users\Ken.Pena\.m2\repository\io\github\classgraph\classgraph\4.8.149\classgraph-4.8.149.jar;C:\Users\Ken.Pena\.m2\repository\io\github\t12y\resemble\1.0.2\resemble-1.0.2.jar;C:\Users\Ken.Pena\.m2\repository\io\github\t12y\ssim\1.0.0\ssim-1.0.0.jar;C:\Users\Ken.Pena\.m2\repository\org\junit\jupiter\junit-jupiter-api\5.7.2\junit-jupiter-api-5.7.2.jar;C:\Users\Ken.Pena\.m2\repository\org\apiguardian\apiguardian-api\1.1.0\apiguardian-api-1.1.0.jar;C:\Users\Ken.Pena\.m2\repository\org\opentest4j\opentest4j\1.2.0\opentest4j-1.2.0.jar;C:\Users\Ken.Pena\.m2\repository\org\junit\platform\junit-platform-commons\1.7.2\junit-platform-commons-1.7.2.jar;C:\Users\Ken.Pena\.m2\repository\org\junit\jupiter\junit-jupiter-engine\5.7.2\junit-jupiter-engine-5.7.2.jar;C:\Users\Ken.Pena\.m2\repository\org\junit\platform\junit-platform-engine\1.7.2\junit-platform-engine-1.7.2.jar;C:\Users\Ken.Pena\.m2\repository\net\masterthought\cucumber-reporting\5.7.4\cucumber-reporting-5.7.4.jar;C:\Users\Ken.Pena\.m2\repository\com\fasterxml\jackson\core\jackson-databind\2.13.2.2\jackson-databind-2.13.2.2.jar;C:\Users\Ken.Pena\.m2\repository\com\fasterxml\jackson\core\jackson-annotations\2.13.2\jackson-annotations-2.13.2.jar;C:\Users\Ken.Pena\.m2\repository\com\fasterxml\jackson\core\jackson-core\2.13.2\jackson-core-2.13.2.jar;C:\Users\Ken.Pena\.m2\repository\com\fasterxml\jackson\datatype\jackson-datatype-jsr310\2.13.2\jackson-datatype-jsr310-2.13.2.jar;C:\Users\Ken.Pena\.m2\repository\org\apache\velocity\velocity-engine-core\2.3\velocity-engine-core-2.3.jar;C:\Users\Ken.Pena\.m2\repository\org\slf4j\slf4j-api\1.7.30\slf4j-api-1.7.30.jar;C:\Users\Ken.Pena\.m2\repository\org\apache\commons\commons-collections4\4.4\commons-collections4-4.4.jar;C:\Users\Ken.Pena\.m2\repository\joda-time\joda-time\2.10.14\joda-time-2.10.14.jar;C:\Users\Ken.Pena\.m2\repository\org\apache\commons\commons-lang3\3.12.0\commons-lang3-3.12.0.jar;C:\Users\Ken.Pena\.m2\repository\commons-io\commons-io\2.7\commons-io-2.7.jar;C:\Users\Ken.Pena\.m2\repository\org\codehaus\plexus\plexus-utils\3.4.2\plexus-utils-3.4.2.jar;C:\Users\Ken.Pena\.m2\repository\org\jsoup\jsoup\1.15.3\jsoup-1.15.3.jar;C:\Users\Ken.Pena\.m2\repository\com\google\guava\guava\31.1-jre\guava-31.1-jre.jar;C:\Users\Ken.Pena\.m2\repository\com\google\guava\failureaccess\1.0.1\failureaccess-1.0.1.jar;C:\Users\Ken.Pena\.m2\repository\com\google\guava\listenablefuture\9999.0-empty-to-avoid-conflict-with-guava\listenablefuture-9999.0-empty-to-avoid-conflict-with-guava.jar;C:\Users\Ken.Pena\.m2\repository\com\google\code\findbugs\jsr305\3.0.2\jsr305-3.0.2.jar;C:\Users\Ken.Pena\.m2\repository\org\checkerframework\checker-qual\3.12.0\checker-qual-3.12.0.jar;C:\Users\Ken.Pena\.m2\repository\com\google\errorprone\error_prone_annotations\2.11.0\error_prone_annotations-2.11.0.jar;C:\Users\Ken.Pena\.m2\repository\com\google\j2objc\j2objc-annotations\1.3\j2objc-annotations-1.3.jar;C:\Users\Ken.Pena\.m2\repository\com\googlecode\owasp-java-html-sanitizer\owasp-java-html-sanitizer\20211018.2\owasp-java-html-sanitizer-20211018.2.jar;C:\Users\Ken.Pena\.m2\repository\commons-configuration\commons-configuration\1.10\commons-configuration-1.10.jar;C:\Users\Ken.Pena\.m2\repository\commons-lang\commons-lang\2.6\commons-lang-2.6.jar;C:\Users\Ken.Pena\.m2\repository\commons-logging\commons-logging\1.1.1\commons-logging-1.1.1.jar;"/>
    <property name="java.vm.vendor" value="Microsoft"/>
    <property name="sun.arch.data.model" value="64"/>
    <property name="karate.env" value="req"/>
    <property name="user.variant" value=""/>
    <property name="java.vendor.url" value="https://www.microsoft.com"/>
    <property name="user.timezone" value="Asia/Shanghai"/>
    <property name="java.vm.specification.version" value="11"/>
    <property name="os.name" value="Windows 10"/>
    <property name="sun.java.launcher" value="SUN_STANDARD"/>
    <property name="user.country" value="PH"/>
    <property name="sun.boot.library.path" value="C:\Program Files\Microsoft\jdk-11.0.16.101-hotspot\bin"/>
    <property name="sun.java.command" value="C:\Users\KEN~1.PEN\AppData\Local\Temp\surefire3560355058559798933\surefirebooter12268449462424739347.jar C:\Users\Ken.Pena\AppData\Local\Temp\surefire3560355058559798933 2023-03-15T19-43-29_156-jvmRun1 surefire6421065210388626055tmp surefire_017684750704271354278tmp"/>
    <property name="jdk.debug" value="release"/>
    <property name="test" value="ReqInRunner"/>
    <property name="surefire.test.class.path" value="C:\Users\Ken.Pena\Desktop\MRM_Files\Automation\KarateAPIAutomation\target\test-classes;C:\Users\Ken.Pena\Desktop\MRM_Files\Automation\KarateAPIAutomation\target\classes;C:\Users\Ken.Pena\.m2\repository\com\intuit\karate\karate-junit5\1.3.1\karate-junit5-1.3.1.jar;C:\Users\Ken.Pena\.m2\repository\com\intuit\karate\karate-core\1.3.1\karate-core-1.3.1.jar;C:\Users\Ken.Pena\.m2\repository\org\graalvm\js\js-scriptengine\22.0.0.2\js-scriptengine-22.0.0.2.jar;C:\Users\Ken.Pena\.m2\repository\org\graalvm\sdk\graal-sdk\22.0.0.2\graal-sdk-22.0.0.2.jar;C:\Users\Ken.Pena\.m2\repository\org\graalvm\js\js\22.0.0.2\js-22.0.0.2.jar;C:\Users\Ken.Pena\.m2\repository\org\graalvm\regex\regex\22.0.0.2\regex-22.0.0.2.jar;C:\Users\Ken.Pena\.m2\repository\org\graalvm\truffle\truffle-api\22.0.0.2\truffle-api-22.0.0.2.jar;C:\Users\Ken.Pena\.m2\repository\org\thymeleaf\thymeleaf\3.0.14.RELEASE\thymeleaf-3.0.14.RELEASE.jar;C:\Users\Ken.Pena\.m2\repository\ognl\ognl\3.1.26\ognl-3.1.26.jar;C:\Users\Ken.Pena\.m2\repository\org\javassist\javassist\3.20.0-GA\javassist-3.20.0-GA.jar;C:\Users\Ken.Pena\.m2\repository\org\attoparser\attoparser\2.0.5.RELEASE\attoparser-2.0.5.RELEASE.jar;C:\Users\Ken.Pena\.m2\repository\org\unbescape\unbescape\1.1.6.RELEASE\unbescape-1.1.6.RELEASE.jar;C:\Users\Ken.Pena\.m2\repository\com\linecorp\armeria\armeria\1.18.0\armeria-1.18.0.jar;C:\Users\Ken.Pena\.m2\repository\io\micrometer\micrometer-core\1.9.2\micrometer-core-1.9.2.jar;C:\Users\Ken.Pena\.m2\repository\org\hdrhistogram\HdrHistogram\2.1.12\HdrHistogram-2.1.12.jar;C:\Users\Ken.Pena\.m2\repository\org\latencyutils\LatencyUtils\2.0.3\LatencyUtils-2.0.3.jar;C:\Users\Ken.Pena\.m2\repository\io\netty\netty-transport\4.1.79.Final\netty-transport-4.1.79.Final.jar;C:\Users\Ken.Pena\.m2\repository\io\netty\netty-common\4.1.79.Final\netty-common-4.1.79.Final.jar;C:\Users\Ken.Pena\.m2\repository\io\netty\netty-buffer\4.1.79.Final\netty-buffer-4.1.79.Final.jar;C:\Users\Ken.Pena\.m2\repository\io\netty\netty-resolver\4.1.79.Final\netty-resolver-4.1.79.Final.jar;C:\Users\Ken.Pena\.m2\repository\io\netty\netty-codec-haproxy\4.1.79.Final\netty-codec-haproxy-4.1.79.Final.jar;C:\Users\Ken.Pena\.m2\repository\io\netty\netty-codec\4.1.79.Final\netty-codec-4.1.79.Final.jar;C:\Users\Ken.Pena\.m2\repository\io\netty\netty-codec-http2\4.1.79.Final\netty-codec-http2-4.1.79.Final.jar;C:\Users\Ken.Pena\.m2\repository\io\netty\netty-handler\4.1.79.Final\netty-handler-4.1.79.Final.jar;C:\Users\Ken.Pena\.m2\repository\io\netty\netty-codec-http\4.1.79.Final\netty-codec-http-4.1.79.Final.jar;C:\Users\Ken.Pena\.m2\repository\io\netty\netty-resolver-dns\4.1.79.Final\netty-resolver-dns-4.1.79.Final.jar;C:\Users\Ken.Pena\.m2\repository\io\netty\netty-codec-dns\4.1.79.Final\netty-codec-dns-4.1.79.Final.jar;C:\Users\Ken.Pena\.m2\repository\org\reactivestreams\reactive-streams\1.0.4\reactive-streams-1.0.4.jar;C:\Users\Ken.Pena\.m2\repository\io\netty\netty-transport-native-unix-common\4.1.79.Final\netty-transport-native-unix-common-4.1.79.Final-linux-x86_64.jar;C:\Users\Ken.Pena\.m2\repository\io\netty\netty-transport-native-epoll\4.1.79.Final\netty-transport-native-epoll-4.1.79.Final-linux-x86_64.jar;C:\Users\Ken.Pena\.m2\repository\io\netty\netty-transport-native-unix-common\4.1.79.Final\netty-transport-native-unix-common-4.1.79.Final.jar;C:\Users\Ken.Pena\.m2\repository\io\netty\netty-transport-classes-epoll\4.1.79.Final\netty-transport-classes-epoll-4.1.79.Final.jar;C:\Users\Ken.Pena\.m2\repository\io\netty\netty-resolver-dns-native-macos\4.1.79.Final\netty-resolver-dns-native-macos-4.1.79.Final-osx-x86_64.jar;C:\Users\Ken.Pena\.m2\repository\io\netty\netty-resolver-dns-classes-macos\4.1.79.Final\netty-resolver-dns-classes-macos-4.1.79.Final.jar;C:\Users\Ken.Pena\.m2\repository\io\netty\netty-resolver-dns-native-macos\4.1.79.Final\netty-resolver-dns-native-macos-4.1.79.Final-osx-aarch_64.jar;C:\Users\Ken.Pena\.m2\repository\io\netty\netty-tcnative-boringssl-static\2.0.53.Final\netty-tcnative-boringssl-static-2.0.53.Final-linux-x86_64.jar;C:\Users\Ken.Pena\.m2\repository\io\netty\netty-tcnative-classes\2.0.53.Final\netty-tcnative-classes-2.0.53.Final.jar;C:\Users\Ken.Pena\.m2\repository\io\netty\netty-tcnative-boringssl-static\2.0.53.Final\netty-tcnative-boringssl-static-2.0.53.Final-linux-aarch_64.jar;C:\Users\Ken.Pena\.m2\repository\io\netty\netty-tcnative-boringssl-static\2.0.53.Final\netty-tcnative-boringssl-static-2.0.53.Final-osx-x86_64.jar;C:\Users\Ken.Pena\.m2\repository\io\netty\netty-tcnative-boringssl-static\2.0.53.Final\netty-tcnative-boringssl-static-2.0.53.Final-osx-aarch_64.jar;C:\Users\Ken.Pena\.m2\repository\io\netty\netty-tcnative-boringssl-static\2.0.53.Final\netty-tcnative-boringssl-static-2.0.53.Final-windows-x86_64.jar;C:\Users\Ken.Pena\.m2\repository\io\netty\netty-handler-proxy\4.1.79.Final\netty-handler-proxy-4.1.79.Final.jar;C:\Users\Ken.Pena\.m2\repository\io\netty\netty-codec-socks\4.1.79.Final\netty-codec-socks-4.1.79.Final.jar;C:\Users\Ken.Pena\.m2\repository\com\aayushatharva\brotli4j\brotli4j\1.7.1\brotli4j-1.7.1.jar;C:\Users\Ken.Pena\.m2\repository\com\aayushatharva\brotli4j\native-windows-x86_64\1.7.1\native-windows-x86_64-1.7.1.jar;C:\Users\Ken.Pena\.m2\repository\org\apache\httpcomponents\httpclient\4.5.13\httpclient-4.5.13.jar;C:\Users\Ken.Pena\.m2\repository\org\apache\httpcomponents\httpcore\4.4.13\httpcore-4.4.13.jar;C:\Users\Ken.Pena\.m2\repository\commons-codec\commons-codec\1.11\commons-codec-1.11.jar;C:\Users\Ken.Pena\.m2\repository\ch\qos\logback\logback-classic\1.2.9\logback-classic-1.2.9.jar;C:\Users\Ken.Pena\.m2\repository\ch\qos\logback\logback-core\1.2.9\logback-core-1.2.9.jar;C:\Users\Ken.Pena\.m2\repository\org\slf4j\jcl-over-slf4j\1.7.32\jcl-over-slf4j-1.7.32.jar;C:\Users\Ken.Pena\.m2\repository\org\antlr\antlr4-runtime\4.9.3\antlr4-runtime-4.9.3.jar;C:\Users\Ken.Pena\.m2\repository\com\jayway\jsonpath\json-path\2.7.0\json-path-2.7.0.jar;C:\Users\Ken.Pena\.m2\repository\net\minidev\json-smart\2.4.7\json-smart-2.4.7.jar;C:\Users\Ken.Pena\.m2\repository\net\minidev\accessors-smart\2.4.7\accessors-smart-2.4.7.jar;C:\Users\Ken.Pena\.m2\repository\org\ow2\asm\asm\9.1\asm-9.1.jar;C:\Users\Ken.Pena\.m2\repository\info\cukes\cucumber-java\1.2.5\cucumber-java-1.2.5.jar;C:\Users\Ken.Pena\.m2\repository\info\cukes\cucumber-core\1.2.5\cucumber-core-1.2.5.jar;C:\Users\Ken.Pena\.m2\repository\org\yaml\snakeyaml\1.32\snakeyaml-1.32.jar;C:\Users\Ken.Pena\.m2\repository\de\siegmar\fastcsv\2.0.0\fastcsv-2.0.0.jar;C:\Users\Ken.Pena\.m2\repository\info\picocli\picocli\4.6.1\picocli-4.6.1.jar;C:\Users\Ken.Pena\.m2\repository\io\github\classgraph\classgraph\4.8.149\classgraph-4.8.149.jar;C:\Users\Ken.Pena\.m2\repository\io\github\t12y\resemble\1.0.2\resemble-1.0.2.jar;C:\Users\Ken.Pena\.m2\repository\io\github\t12y\ssim\1.0.0\ssim-1.0.0.jar;C:\Users\Ken.Pena\.m2\repository\org\junit\jupiter\junit-jupiter-api\5.7.2\junit-jupiter-api-5.7.2.jar;C:\Users\Ken.Pena\.m2\repository\org\apiguardian\apiguardian-api\1.1.0\apiguardian-api-1.1.0.jar;C:\Users\Ken.Pena\.m2\repository\org\opentest4j\opentest4j\1.2.0\opentest4j-1.2.0.jar;C:\Users\Ken.Pena\.m2\repository\org\junit\platform\junit-platform-commons\1.7.2\junit-platform-commons-1.7.2.jar;C:\Users\Ken.Pena\.m2\repository\org\junit\jupiter\junit-jupiter-engine\5.7.2\junit-jupiter-engine-5.7.2.jar;C:\Users\Ken.Pena\.m2\repository\org\junit\platform\junit-platform-engine\1.7.2\junit-platform-engine-1.7.2.jar;C:\Users\Ken.Pena\.m2\repository\net\masterthought\cucumber-reporting\5.7.4\cucumber-reporting-5.7.4.jar;C:\Users\Ken.Pena\.m2\repository\com\fasterxml\jackson\core\jackson-databind\2.13.2.2\jackson-databind-2.13.2.2.jar;C:\Users\Ken.Pena\.m2\repository\com\fasterxml\jackson\core\jackson-annotations\2.13.2\jackson-annotations-2.13.2.jar;C:\Users\Ken.Pena\.m2\repository\com\fasterxml\jackson\core\jackson-core\2.13.2\jackson-core-2.13.2.jar;C:\Users\Ken.Pena\.m2\repository\com\fasterxml\jackson\datatype\jackson-datatype-jsr310\2.13.2\jackson-datatype-jsr310-2.13.2.jar;C:\Users\Ken.Pena\.m2\repository\org\apache\velocity\velocity-engine-core\2.3\velocity-engine-core-2.3.jar;C:\Users\Ken.Pena\.m2\repository\org\slf4j\slf4j-api\1.7.30\slf4j-api-1.7.30.jar;C:\Users\Ken.Pena\.m2\repository\org\apache\commons\commons-collections4\4.4\commons-collections4-4.4.jar;C:\Users\Ken.Pena\.m2\repository\joda-time\joda-time\2.10.14\joda-time-2.10.14.jar;C:\Users\Ken.Pena\.m2\repository\org\apache\commons\commons-lang3\3.12.0\commons-lang3-3.12.0.jar;C:\Users\Ken.Pena\.m2\repository\commons-io\commons-io\2.7\commons-io-2.7.jar;C:\Users\Ken.Pena\.m2\repository\org\codehaus\plexus\plexus-utils\3.4.2\plexus-utils-3.4.2.jar;C:\Users\Ken.Pena\.m2\repository\org\jsoup\jsoup\1.15.3\jsoup-1.15.3.jar;C:\Users\Ken.Pena\.m2\repository\com\google\guava\guava\31.1-jre\guava-31.1-jre.jar;C:\Users\Ken.Pena\.m2\repository\com\google\guava\failureaccess\1.0.1\failureaccess-1.0.1.jar;C:\Users\Ken.Pena\.m2\repository\com\google\guava\listenablefuture\9999.0-empty-to-avoid-conflict-with-guava\listenablefuture-9999.0-empty-to-avoid-conflict-with-guava.jar;C:\Users\Ken.Pena\.m2\repository\com\google\code\findbugs\jsr305\3.0.2\jsr305-3.0.2.jar;C:\Users\Ken.Pena\.m2\repository\org\checkerframework\checker-qual\3.12.0\checker-qual-3.12.0.jar;C:\Users\Ken.Pena\.m2\repository\com\google\errorprone\error_prone_annotations\2.11.0\error_prone_annotations-2.11.0.jar;C:\Users\Ken.Pena\.m2\repository\com\google\j2objc\j2objc-annotations\1.3\j2objc-annotations-1.3.jar;C:\Users\Ken.Pena\.m2\repository\com\googlecode\owasp-java-html-sanitizer\owasp-java-html-sanitizer\20211018.2\owasp-java-html-sanitizer-20211018.2.jar;C:\Users\Ken.Pena\.m2\repository\commons-configuration\commons-configuration\1.10\commons-configuration-1.10.jar;C:\Users\Ken.Pena\.m2\repository\commons-lang\commons-lang\2.6\commons-lang-2.6.jar;C:\Users\Ken.Pena\.m2\repository\commons-logging\commons-logging\1.1.1\commons-logging-1.1.1.jar;"/>
    <property name="sun.cpu.endian" value="little"/>
    <property name="user.home" value="C:\Users\Ken.Pena"/>
    <property name="user.language" value="en"/>
    <property name="java.specification.vendor" value="Oracle Corporation"/>
    <property name="java.version.date" value="2022-08-12"/>
    <property name="java.home" value="C:\Program Files\Microsoft\jdk-11.0.16.101-hotspot"/>
    <property name="file.separator" value="\"/>
    <property name="basedir" value="C:\Users\Ken.Pena\Desktop\MRM_Files\Automation\KarateAPIAutomation"/>
    <property name="java.vm.compressedOopsMode" value="Zero based"/>
    <property name="line.separator" value="&#10;"/>
    <property name="java.specification.name" value="Java Platform API Specification"/>
    <property name="java.vm.specification.vendor" value="Oracle Corporation"/>
    <property name="java.awt.graphicsenv" value="sun.awt.Win32GraphicsEnvironment"/>
    <property name="karate.options" value="classpath:API/FeatureFiles/ReqIN/CreateUpdateDeleteUser.feature"/>
    <property name="surefire.real.class.path" value="C:\Users\KEN~1.PEN\AppData\Local\Temp\surefire3560355058559798933\surefirebooter12268449462424739347.jar"/>
    <property name="user.script" value=""/>
    <property name="sun.management.compiler" value="HotSpot 64-Bit Tiered Compilers"/>
    <property name="java.runtime.version" value="11.0.16.1+1-LTS"/>
    <property name="user.name" value="ken.pena"/>
    <property name="path.separator" value=";"/>
    <property name="os.version" value="10.0"/>
    <property name="java.runtime.name" value="OpenJDK Runtime Environment"/>
    <property name="file.encoding" value="UTF-8"/>
    <property name="java.vm.name" value="OpenJDK 64-Bit Server VM"/>
    <property name="java.vendor.version" value="Microsoft-40648"/>
    <property name="localRepository" value="C:\Users\Ken.Pena\.m2\repository"/>
    <property name="java.vendor.url.bug" value="https://github.com/microsoft/openjdk/issues"/>
    <property name="java.io.tmpdir" value="C:\Users\KEN~1.PEN\AppData\Local\Temp\"/>
    <property name="java.version" value="11.0.16.1"/>
    <property name="user.dir" value="C:\Users\Ken.Pena\Desktop\MRM_Files\Automation\KarateAPIAutomation"/>
    <property name="os.arch" value="amd64"/>
    <property name="java.vm.specification.name" value="Java Virtual Machine Specification"/>
    <property name="java.awt.printerjob" value="sun.awt.windows.WPrinterJob"/>
    <property name="sun.os.patch.level" value=""/>
    <property name="java.library.path" value="C:\Program Files\Microsoft\jdk-11.0.16.101-hotspot\bin;C:\WINDOWS\Sun\Java\bin;C:\WINDOWS\system32;C:\WINDOWS;C:\Program Files\Microsoft\jdk-11.0.16.101-hotspot\bin;C:\Python310\Scripts\;C:\Python310\;C:\Program Files\Common Files\Oracle\Java\javapath;C:\WINDOWS\system32;C:\WINDOWS;C:\WINDOWS\System32\Wbem;C:\WINDOWS\System32\WindowsPowerShell\v1.0\;C:\WINDOWS\System32\OpenSSH\;C:\Program Files\Git\cmd;C:\Program Files\PuTTY\;C:\Users\Ken.Pena\Documents\apache-maven-3.8.5\bin;C:\Program Files\nodejs\;C:\ProgramData\chocolatey\bin;C:\Program Files\Microsoft SQL Server\150\Tools\Binn\;C:\Program Files\Microsoft SQL Server\Client SDK\ODBC\170\Tools\Binn\;C:\Program Files\dotnet\;C:\Users\Ken.Pena\.ssh;C:\Users\Ken.Pena\AppData\Roaming\npm;C:\Users\Ken.Pena\AppData\Local\Programs\Microsoft VS Code\bin;C:\Users\Ken.Pena\.dotnet\tools;C:\Users\Ken.Pena\AppData\Local\GitHubDesktop\bin;."/>
    <property name="java.vm.info" value="mixed mode"/>
    <property name="java.vendor" value="Microsoft"/>
    <property name="java.vm.version" value="11.0.16.1+1-LTS"/>
    <property name="sun.io.unicode.encoding" value="UnicodeLittle"/>
    <property name="java.class.version" value="55.0"/>
  </properties>
  <testcase name="testParallel" classname="API.FeatureFiles.ReqIn.ReqInRunner" time="9.877"/>
</testsuite>